version https://git-lfs.github.com/spec/v1
oid sha256:19934c495ade932c305af2328f77508066eec70f7b7ba95af3b43cda247254a3
size 1443
