version https://git-lfs.github.com/spec/v1
oid sha256:19b774072ae35ab4fcc8d1052bddd387e1eff79f95bad83404a9e1855dd71456
size 1371
