version https://git-lfs.github.com/spec/v1
oid sha256:d9493b6678f4adf27208a4e3fab156d34f95f22613ca5ecc511d9ffeb01b026f
size 1669
