version https://git-lfs.github.com/spec/v1
oid sha256:730442531bde534bdae7e10ccc0f58961a4626ebf78f6a2eed7bbeb64d64981e
size 1681
